[19may2021 00:00:00.030] [Server thread/INFO] [tombstone/]: All players have been successfully backed up
[19may2021 00:00:28.653] [Server thread/INFO] [net.minecraft.server.dedicated.DedicatedServer/]: Teleported peptio96 to 1436.5, 63.0, 166.5
[19may2021 00:01:10.403] [Server thread/INFO] [net.minecraft.server.dedicated.DedicatedServer/]: Teleported peptio96 to ac3po
[19may2021 00:02:36.901] [Server thread/INFO] [net.minecraft.server.dedicated.DedicatedServer/]: ac3po fell from a high place
[19may2021 00:02:36.902] [Server thread/INFO] [tombstone/]: A new grave of the player ac3po was created at position [x:2108, y:50, z:537, dim:0]
[19may2021 00:02:38.962] [Netty Server IO #11/ERROR] [net.minecraft.command.arguments.ArgumentTypes/]: Could not serialize net.minecraftforge.server.command.ModIdArgument@5f444e7e (class net.minecraftforge.server.command.ModIdArgument) - will not be sent to client!
[19may2021 00:02:38.962] [Netty Server IO #11/ERROR] [net.minecraft.command.arguments.ArgumentTypes/]: Could not serialize com.blamejared.crafttweaker.impl.commands.CTCommands$$Lambda$9275/1940968907@473b18bd (class com.blamejared.crafttweaker.impl.commands.CTCommands$$Lambda$9275/1940968907) - will not be sent to client!
[19may2021 00:02:38.963] [Netty Server IO #11/ERROR] [net.minecraft.command.arguments.ArgumentTypes/]: Could not serialize com.blamejared.crafttweaker.impl.commands.CTCommands$$Lambda$9291/1189926262@42d7347c (class com.blamejared.crafttweaker.impl.commands.CTCommands$$Lambda$9291/1189926262) - will not be sent to client!
[19may2021 00:02:38.970] [Netty Server IO #11/ERROR] [net.minecraft.command.arguments.ArgumentTypes/]: Could not serialize net.minecraftforge.server.command.ModIdArgument@333fc01 (class net.minecraftforge.server.command.ModIdArgument) - will not be sent to client!
[19may2021 00:02:38.970] [Netty Server IO #11/ERROR] [net.minecraft.command.arguments.ArgumentTypes/]: Could not serialize net.minecraftforge.server.command.EnumArgument@4d635647 (class net.minecraftforge.server.command.EnumArgument) - will not be sent to client!
[19may2021 00:02:38.971] [Netty Server IO #11/ERROR] [net.minecraft.command.arguments.ArgumentTypes/]: Could not serialize net.minecraftforge.server.command.EnumArgument@6a42d417 (class net.minecraftforge.server.command.EnumArgument) - will not be sent to client!
[19may2021 00:02:55.451] [Server thread/INFO] [net.minecraft.server.dedicated.DedicatedServer/]: Teleported ac3po to peptio96
[19may2021 00:03:58.899] [Server thread/INFO] [net.minecraft.network.play.ServerPlayNetHandler/]: eneku_96 lost connection: Disconnected
[19may2021 00:03:58.899] [Server thread/INFO] [net.minecraft.server.dedicated.DedicatedServer/]: eneku_96 left the game
[19may2021 00:04:16.200] [Server thread/INFO] [net.minecraft.network.play.ServerPlayNetHandler/]: peptio96 lost connection: Disconnected
[19may2021 00:04:16.200] [Server thread/INFO] [net.minecraft.server.dedicated.DedicatedServer/]: peptio96 left the game
[19may2021 00:04:24.108] [User Authenticator #9/INFO] [net.minecraft.network.login.ServerLoginNetHandler/]: UUID of player peptio96 is cc115257-3a00-4ba7-a731-be077dd47d7f
[19may2021 00:04:32.945] [Server thread/INFO] [net.minecraft.server.dedicated.DedicatedServer/]: No entity was found
[19may2021 00:04:41.860] [User Authenticator #10/INFO] [net.minecraft.network.login.ServerLoginNetHandler/]: UUID of player eneku_96 is 6cf52c6e-f33e-4c49-8d76-b86beb117cbd
[19may2021 00:04:44.019] [Server thread/INFO] [net.minecraftforge.common.AdvancementLoadFix/]: Using new advancement loading for net.minecraft.advancements.PlayerAdvancements@6ecd32d7
[19may2021 00:04:44.026] [Server thread/INFO] [net.minecraft.server.management.PlayerList/]: peptio96[/0:0:0:0:0:0:0:1:54152] logged in with entity id 29400 at (2106.699999988079, 56.0, 539.3000000119209)
[19may2021 00:04:44.030] [Server thread/INFO] [net.minecraft.server.dedicated.DedicatedServer/]: peptio96 joined the game
[19may2021 00:04:44.104] [Netty Server IO #22/ERROR] [net.minecraft.command.arguments.ArgumentTypes/]: Could not serialize net.minecraftforge.server.command.ModIdArgument@5f444e7e (class net.minecraftforge.server.command.ModIdArgument) - will not be sent to client!
[19may2021 00:04:44.104] [Netty Server IO #22/ERROR] [net.minecraft.command.arguments.ArgumentTypes/]: Could not serialize com.blamejared.crafttweaker.impl.commands.CTCommands$$Lambda$9275/1940968907@473b18bd (class com.blamejared.crafttweaker.impl.commands.CTCommands$$Lambda$9275/1940968907) - will not be sent to client!
[19may2021 00:04:44.107] [Netty Server IO #22/ERROR] [net.minecraft.command.arguments.ArgumentTypes/]: Could not serialize com.blamejared.crafttweaker.impl.commands.CTCommands$$Lambda$9291/1189926262@42d7347c (class com.blamejared.crafttweaker.impl.commands.CTCommands$$Lambda$9291/1189926262) - will not be sent to client!
[19may2021 00:04:44.108] [Netty Server IO #22/ERROR] [net.minecraft.command.arguments.ArgumentTypes/]: Could not serialize net.minecraftforge.server.command.ModIdArgument@333fc01 (class net.minecraftforge.server.command.ModIdArgument) - will not be sent to client!
[19may2021 00:04:44.110] [Netty Server IO #22/ERROR] [net.minecraft.command.arguments.ArgumentTypes/]: Could not serialize net.minecraftforge.server.command.EnumArgument@4d635647 (class net.minecraftforge.server.command.EnumArgument) - will not be sent to client!
[19may2021 00:04:44.111] [Netty Server IO #22/ERROR] [net.minecraft.command.arguments.ArgumentTypes/]: Could not serialize net.minecraftforge.server.command.EnumArgument@6a42d417 (class net.minecraftforge.server.command.EnumArgument) - will not be sent to client!
[19may2021 00:04:44.513] [Server thread/ERROR] [net.minecraftforge.fml.network.simple.IndexedMessageCodec/SIMPLENET]: Received empty payload on channel fml:handshake
[19may2021 00:04:50.402] [Server thread/INFO] [net.minecraft.server.dedicated.DedicatedServer/]: Teleported ac3po to peptio96
[19may2021 00:04:54.563] [Server thread/INFO] [net.minecraftforge.common.AdvancementLoadFix/]: Using new advancement loading for net.minecraft.advancements.PlayerAdvancements@1dfa3315
[19may2021 00:04:54.568] [Server thread/INFO] [net.minecraft.server.management.PlayerList/]: eneku_96[/0:0:0:0:0:0:0:1:54155] logged in with entity id 29467 at (2105.9802834250313, 50.0, 541.6999999880791)
[19may2021 00:04:54.571] [Server thread/INFO] [net.minecraft.server.dedicated.DedicatedServer/]: eneku_96 joined the game
[19may2021 00:04:54.637] [Netty Server IO #23/ERROR] [net.minecraft.command.arguments.ArgumentTypes/]: Could not serialize net.minecraftforge.server.command.ModIdArgument@5f444e7e (class net.minecraftforge.server.command.ModIdArgument) - will not be sent to client!
[19may2021 00:04:54.637] [Netty Server IO #23/ERROR] [net.minecraft.command.arguments.ArgumentTypes/]: Could not serialize com.blamejared.crafttweaker.impl.commands.CTCommands$$Lambda$9275/1940968907@473b18bd (class com.blamejared.crafttweaker.impl.commands.CTCommands$$Lambda$9275/1940968907) - will not be sent to client!
[19may2021 00:04:54.639] [Netty Server IO #23/ERROR] [net.minecraft.command.arguments.ArgumentTypes/]: Could not serialize com.blamejared.crafttweaker.impl.commands.CTCommands$$Lambda$9291/1189926262@42d7347c (class com.blamejared.crafttweaker.impl.commands.CTCommands$$Lambda$9291/1189926262) - will not be sent to client!
[19may2021 00:04:54.641] [Netty Server IO #23/ERROR] [net.minecraft.command.arguments.ArgumentTypes/]: Could not serialize net.minecraftforge.server.command.ModIdArgument@333fc01 (class net.minecraftforge.server.command.ModIdArgument) - will not be sent to client!
[19may2021 00:04:54.641] [Netty Server IO #23/ERROR] [net.minecraft.command.arguments.ArgumentTypes/]: Could not serialize net.minecraftforge.server.command.EnumArgument@4d635647 (class net.minecraftforge.server.command.EnumArgument) - will not be sent to client!
[19may2021 00:04:54.642] [Netty Server IO #23/ERROR] [net.minecraft.command.arguments.ArgumentTypes/]: Could not serialize net.minecraftforge.server.command.EnumArgument@6a42d417 (class net.minecraftforge.server.command.EnumArgument) - will not be sent to client!
[19may2021 00:05:02.081] [Server thread/ERROR] [net.minecraftforge.fml.network.simple.IndexedMessageCodec/SIMPLENET]: Received empty payload on channel fml:handshake
[19may2021 00:06:09.298] [Server thread/INFO] [net.minecraft.server.dedicated.DedicatedServer/]: peptio96 has made the advancement [Not Today, Thank You]
[19may2021 00:06:42.253] [Server thread/INFO] [net.minecraft.server.dedicated.DedicatedServer/]: eneku_96 has made the advancement [Monster Hunter]
[19may2021 00:10:16.647] [Server thread/INFO] [net.minecraft.server.dedicated.DedicatedServer/]: Teleported ac3po to peptio96
[19may2021 00:10:47.048] [Server thread/INFO] [net.minecraft.server.dedicated.DedicatedServer/]: ac3po blew up
[19may2021 00:10:47.049] [Server thread/INFO] [tombstone/]: A new grave of the player ac3po was created at position [x:2019, y:50, z:530, dim:0]
[19may2021 00:10:49.616] [Netty Server IO #11/ERROR] [net.minecraft.command.arguments.ArgumentTypes/]: Could not serialize net.minecraftforge.server.command.ModIdArgument@5f444e7e (class net.minecraftforge.server.command.ModIdArgument) - will not be sent to client!
[19may2021 00:10:49.616] [Netty Server IO #11/ERROR] [net.minecraft.command.arguments.ArgumentTypes/]: Could not serialize com.blamejared.crafttweaker.impl.commands.CTCommands$$Lambda$9275/1940968907@473b18bd (class com.blamejared.crafttweaker.impl.commands.CTCommands$$Lambda$9275/1940968907) - will not be sent to client!
[19may2021 00:10:49.622] [Netty Server IO #11/ERROR] [net.minecraft.command.arguments.ArgumentTypes/]: Could not serialize com.blamejared.crafttweaker.impl.commands.CTCommands$$Lambda$9291/1189926262@42d7347c (class com.blamejared.crafttweaker.impl.commands.CTCommands$$Lambda$9291/1189926262) - will not be sent to client!
[19may2021 00:10:49.622] [Netty Server IO #11/ERROR] [net.minecraft.command.arguments.ArgumentTypes/]: Could not serialize net.minecraftforge.server.command.ModIdArgument@333fc01 (class net.minecraftforge.server.command.ModIdArgument) - will not be sent to client!
[19may2021 00:10:49.627] [Netty Server IO #11/ERROR] [net.minecraft.command.arguments.ArgumentTypes/]: Could not serialize net.minecraftforge.server.command.EnumArgument@4d635647 (class net.minecraftforge.server.command.EnumArgument) - will not be sent to client!
[19may2021 00:10:49.628] [Netty Server IO #11/ERROR] [net.minecraft.command.arguments.ArgumentTypes/]: Could not serialize net.minecraftforge.server.command.EnumArgument@6a42d417 (class net.minecraftforge.server.command.EnumArgument) - will not be sent to client!
[19may2021 00:10:58.203] [Server thread/INFO] [net.minecraft.server.dedicated.DedicatedServer/]: Teleported ac3po to peptio96
[19may2021 00:11:02.102] [Server thread/INFO] [net.minecraft.server.dedicated.DedicatedServer/]: eneku_96 has made the advancement [Acquire Hardware]
[19may2021 00:11:06.447] [Server thread/INFO] [net.minecraft.server.dedicated.DedicatedServer/]: peptio96 was slain by Zombie
[19may2021 00:11:06.448] [Server thread/INFO] [tombstone/]: A new grave of the player peptio96 was created at position [x:2041, y:50, z:539, dim:0]
[19may2021 00:11:09.492] [Netty Server IO #22/ERROR] [net.minecraft.command.arguments.ArgumentTypes/]: Could not serialize net.minecraftforge.server.command.ModIdArgument@5f444e7e (class net.minecraftforge.server.command.ModIdArgument) - will not be sent to client!
[19may2021 00:11:09.492] [Netty Server IO #22/ERROR] [net.minecraft.command.arguments.ArgumentTypes/]: Could not serialize com.blamejared.crafttweaker.impl.commands.CTCommands$$Lambda$9275/1940968907@473b18bd (class com.blamejared.crafttweaker.impl.commands.CTCommands$$Lambda$9275/1940968907) - will not be sent to client!
[19may2021 00:11:09.493] [Netty Server IO #22/ERROR] [net.minecraft.command.arguments.ArgumentTypes/]: Could not serialize com.blamejared.crafttweaker.impl.commands.CTCommands$$Lambda$9291/1189926262@42d7347c (class com.blamejared.crafttweaker.impl.commands.CTCommands$$Lambda$9291/1189926262) - will not be sent to client!
[19may2021 00:11:09.500] [Netty Server IO #22/ERROR] [net.minecraft.command.arguments.ArgumentTypes/]: Could not serialize net.minecraftforge.server.command.ModIdArgument@333fc01 (class net.minecraftforge.server.command.ModIdArgument) - will not be sent to client!
[19may2021 00:11:09.500] [Netty Server IO #22/ERROR] [net.minecraft.command.arguments.ArgumentTypes/]: Could not serialize net.minecraftforge.server.command.EnumArgument@4d635647 (class net.minecraftforge.server.command.EnumArgument) - will not be sent to client!
[19may2021 00:11:09.505] [Netty Server IO #22/ERROR] [net.minecraft.command.arguments.ArgumentTypes/]: Could not serialize net.minecraftforge.server.command.EnumArgument@6a42d417 (class net.minecraftforge.server.command.EnumArgument) - will not be sent to client!
[19may2021 00:12:14.601] [Server thread/INFO] [net.minecraft.server.dedicated.DedicatedServer/]: Teleported peptio96 to ac3po
[19may2021 00:14:14.195] [Server thread/INFO] [net.minecraft.server.dedicated.DedicatedServer/]: eneku_96 has made the advancement [Suit Up]
[19may2021 00:16:35.551] [Server thread/INFO] [net.minecraft.server.dedicated.DedicatedServer/]: ac3po was burnt to a crisp whilst fighting peptio96
[19may2021 00:16:35.552] [Server thread/INFO] [tombstone/]: A new grave of the player ac3po was created at position [x:2032, y:50, z:539, dim:0]
[19may2021 00:16:36.920] [Netty Server IO #11/ERROR] [net.minecraft.command.arguments.ArgumentTypes/]: Could not serialize net.minecraftforge.server.command.ModIdArgument@5f444e7e (class net.minecraftforge.server.command.ModIdArgument) - will not be sent to client!
[19may2021 00:16:36.920] [Netty Server IO #11/ERROR] [net.minecraft.command.arguments.ArgumentTypes/]: Could not serialize com.blamejared.crafttweaker.impl.commands.CTCommands$$Lambda$9275/1940968907@473b18bd (class com.blamejared.crafttweaker.impl.commands.CTCommands$$Lambda$9275/1940968907) - will not be sent to client!
[19may2021 00:16:36.921] [Netty Server IO #11/ERROR] [net.minecraft.command.arguments.ArgumentTypes/]: Could not serialize com.blamejared.crafttweaker.impl.commands.CTCommands$$Lambda$9291/1189926262@42d7347c (class com.blamejared.crafttweaker.impl.commands.CTCommands$$Lambda$9291/1189926262) - will not be sent to client!
[19may2021 00:16:36.928] [Netty Server IO #11/ERROR] [net.minecraft.command.arguments.ArgumentTypes/]: Could not serialize net.minecraftforge.server.command.ModIdArgument@333fc01 (class net.minecraftforge.server.command.ModIdArgument) - will not be sent to client!
[19may2021 00:16:36.928] [Netty Server IO #11/ERROR] [net.minecraft.command.arguments.ArgumentTypes/]: Could not serialize net.minecraftforge.server.command.EnumArgument@4d635647 (class net.minecraftforge.server.command.EnumArgument) - will not be sent to client!
[19may2021 00:16:36.929] [Netty Server IO #11/ERROR] [net.minecraft.command.arguments.ArgumentTypes/]: Could not serialize net.minecraftforge.server.command.EnumArgument@6a42d417 (class net.minecraftforge.server.command.EnumArgument) - will not be sent to client!
[19may2021 00:16:41.853] [Server thread/INFO] [net.minecraft.server.dedicated.DedicatedServer/]: Teleported ac3po to peptio96
[19may2021 00:16:41.869] [Server thread/WARN] [net.minecraft.network.play.ServerPlayNetHandler/]: ac3po moved too quickly! 1997.3918089627534,-24.0,532.259648278758
[19may2021 00:17:10.108] [Server thread/INFO] [net.minecraft.server.dedicated.DedicatedServer/]: eneku_96 was slain by Zombie
[19may2021 00:17:10.110] [Server thread/INFO] [tombstone/]: A new grave of the player eneku_96 was created at position [x:2018, y:49, z:515, dim:0]
[19may2021 00:17:10.152] [Server thread/INFO] [net.minecraft.server.dedicated.DedicatedServer/]: eneku_96 has made the advancement [Your First Grave]
[19may2021 00:17:11.719] [Netty Server IO #23/ERROR] [net.minecraft.command.arguments.ArgumentTypes/]: Could not serialize net.minecraftforge.server.command.ModIdArgument@5f444e7e (class net.minecraftforge.server.command.ModIdArgument) - will not be sent to client!
[19may2021 00:17:11.719] [Netty Server IO #23/ERROR] [net.minecraft.command.arguments.ArgumentTypes/]: Could not serialize com.blamejared.crafttweaker.impl.commands.CTCommands$$Lambda$9275/1940968907@473b18bd (class com.blamejared.crafttweaker.impl.commands.CTCommands$$Lambda$9275/1940968907) - will not be sent to client!
[19may2021 00:17:11.721] [Netty Server IO #23/ERROR] [net.minecraft.command.arguments.ArgumentTypes/]: Could not serialize com.blamejared.crafttweaker.impl.commands.CTCommands$$Lambda$9291/1189926262@42d7347c (class com.blamejared.crafttweaker.impl.commands.CTCommands$$Lambda$9291/1189926262) - will not be sent to client!
[19may2021 00:17:11.724] [Netty Server IO #23/ERROR] [net.minecraft.command.arguments.ArgumentTypes/]: Could not serialize net.minecraftforge.server.command.ModIdArgument@333fc01 (class net.minecraftforge.server.command.ModIdArgument) - will not be sent to client!
[19may2021 00:17:11.724] [Netty Server IO #23/ERROR] [net.minecraft.command.arguments.ArgumentTypes/]: Could not serialize net.minecraftforge.server.command.EnumArgument@4d635647 (class net.minecraftforge.server.command.EnumArgument) - will not be sent to client!
[19may2021 00:17:11.726] [Netty Server IO #23/ERROR] [net.minecraft.command.arguments.ArgumentTypes/]: Could not serialize net.minecraftforge.server.command.EnumArgument@6a42d417 (class net.minecraftforge.server.command.EnumArgument) - will not be sent to client!
[19may2021 00:17:26.754] [Server thread/INFO] [net.minecraft.network.play.ServerPlayNetHandler/]: eneku_96 lost connection: Disconnected
[19may2021 00:17:26.754] [Server thread/INFO] [net.minecraft.server.dedicated.DedicatedServer/]: eneku_96 left the game
[19may2021 00:20:27.896] [Server thread/INFO] [net.minecraft.server.dedicated.DedicatedServer/]: peptio96 was slain by Zombie
[19may2021 00:20:27.896] [Server thread/INFO] [tombstone/]: A new grave of the player peptio96 was created at position [x:1993, y:50, z:515, dim:0]
[19may2021 00:20:29.604] [Netty Server IO #22/ERROR] [net.minecraft.command.arguments.ArgumentTypes/]: Could not serialize net.minecraftforge.server.command.ModIdArgument@5f444e7e (class net.minecraftforge.server.command.ModIdArgument) - will not be sent to client!
[19may2021 00:20:29.604] [Netty Server IO #22/ERROR] [net.minecraft.command.arguments.ArgumentTypes/]: Could not serialize com.blamejared.crafttweaker.impl.commands.CTCommands$$Lambda$9275/1940968907@473b18bd (class com.blamejared.crafttweaker.impl.commands.CTCommands$$Lambda$9275/1940968907) - will not be sent to client!
[19may2021 00:20:29.606] [Netty Server IO #22/ERROR] [net.minecraft.command.arguments.ArgumentTypes/]: Could not serialize com.blamejared.crafttweaker.impl.commands.CTCommands$$Lambda$9291/1189926262@42d7347c (class com.blamejared.crafttweaker.impl.commands.CTCommands$$Lambda$9291/1189926262) - will not be sent to client!
[19may2021 00:20:29.606] [Netty Server IO #22/ERROR] [net.minecraft.command.arguments.ArgumentTypes/]: Could not serialize net.minecraftforge.server.command.ModIdArgument@333fc01 (class net.minecraftforge.server.command.ModIdArgument) - will not be sent to client!
[19may2021 00:20:29.606] [Netty Server IO #22/ERROR] [net.minecraft.command.arguments.ArgumentTypes/]: Could not serialize net.minecraftforge.server.command.EnumArgument@4d635647 (class net.minecraftforge.server.command.EnumArgument) - will not be sent to client!
[19may2021 00:20:29.606] [Netty Server IO #22/ERROR] [net.minecraft.command.arguments.ArgumentTypes/]: Could not serialize net.minecraftforge.server.command.EnumArgument@6a42d417 (class net.minecraftforge.server.command.EnumArgument) - will not be sent to client!
[19may2021 00:20:48.451] [Server thread/INFO] [net.minecraft.server.dedicated.DedicatedServer/]: Teleported peptio96 to ac3po
[19may2021 00:22:54.155] [Server-Worker-373/INFO] [Dungeon Crawl/]: Entrance data: Position: (2216|56|808), Model: xiroc.dungeoncrawl.dungeon.segment.DungeonSegmentModel@58135783, Entrance id: 32, Offset: net.minecraft.util.Tuple@5425938f; (-3|-3)
[19may2021 00:25:17.100] [Server thread/INFO] [net.minecraft.network.play.ServerPlayNetHandler/]: peptio96 lost connection: Disconnected
[19may2021 00:25:17.100] [Server thread/INFO] [net.minecraft.server.dedicated.DedicatedServer/]: peptio96 left the game
[19may2021 00:25:23.474] [User Authenticator #11/INFO] [net.minecraft.network.login.ServerLoginNetHandler/]: UUID of player peptio96 is cc115257-3a00-4ba7-a731-be077dd47d7f
[19may2021 00:25:24.353] [Server thread/INFO] [net.minecraft.network.login.ServerLoginNetHandler/]: com.mojang.authlib.GameProfile@4047e9bc[id=cc115257-3a00-4ba7-a731-be077dd47d7f,name=peptio96,properties={textures=[com.mojang.authlib.properties.Property@376b0c0e]},legacy=false] (/0:0:0:0:0:0:0:1:54301) lost connection: Disconnected
[19may2021 00:27:33.570] [User Authenticator #12/INFO] [net.minecraft.network.login.ServerLoginNetHandler/]: UUID of player peptio96 is cc115257-3a00-4ba7-a731-be077dd47d7f
[19may2021 00:27:51.115] [Server thread/INFO] [net.minecraftforge.common.AdvancementLoadFix/]: Using new advancement loading for net.minecraft.advancements.PlayerAdvancements@6b552ba2
[19may2021 00:27:51.121] [Server thread/INFO] [net.minecraft.server.management.PlayerList/]: peptio96[/0:0:0:0:0:0:0:1:54328] logged in with entity id 33473 at (2107.1193240522275, 50.0, 620.3000000119209)
[19may2021 00:27:51.124] [Server thread/INFO] [net.minecraft.server.dedicated.DedicatedServer/]: peptio96 joined the game
[19may2021 00:27:51.194] [Netty Server IO #3/ERROR] [net.minecraft.command.arguments.ArgumentTypes/]: Could not serialize net.minecraftforge.server.command.ModIdArgument@5f444e7e (class net.minecraftforge.server.command.ModIdArgument) - will not be sent to client!
[19may2021 00:27:51.194] [Netty Server IO #3/ERROR] [net.minecraft.command.arguments.ArgumentTypes/]: Could not serialize com.blamejared.crafttweaker.impl.commands.CTCommands$$Lambda$9275/1940968907@473b18bd (class com.blamejared.crafttweaker.impl.commands.CTCommands$$Lambda$9275/1940968907) - will not be sent to client!
[19may2021 00:27:51.196] [Netty Server IO #3/ERROR] [net.minecraft.command.arguments.ArgumentTypes/]: Could not serialize com.blamejared.crafttweaker.impl.commands.CTCommands$$Lambda$9291/1189926262@42d7347c (class com.blamejared.crafttweaker.impl.commands.CTCommands$$Lambda$9291/1189926262) - will not be sent to client!
[19may2021 00:27:51.198] [Netty Server IO #3/ERROR] [net.minecraft.command.arguments.ArgumentTypes/]: Could not serialize net.minecraftforge.server.command.ModIdArgument@333fc01 (class net.minecraftforge.server.command.ModIdArgument) - will not be sent to client!
[19may2021 00:27:51.199] [Netty Server IO #3/ERROR] [net.minecraft.command.arguments.ArgumentTypes/]: Could not serialize net.minecraftforge.server.command.EnumArgument@4d635647 (class net.minecraftforge.server.command.EnumArgument) - will not be sent to client!
[19may2021 00:27:51.200] [Netty Server IO #3/ERROR] [net.minecraft.command.arguments.ArgumentTypes/]: Could not serialize net.minecraftforge.server.command.EnumArgument@6a42d417 (class net.minecraftforge.server.command.EnumArgument) - will not be sent to client!
[19may2021 00:27:51.578] [Server thread/ERROR] [net.minecraftforge.fml.network.simple.IndexedMessageCodec/SIMPLENET]: Received empty payload on channel fml:handshake
[19may2021 00:29:32.202] [Server thread/INFO] [net.minecraft.server.dedicated.DedicatedServer/]: Teleported peptio96 to ac3po
[19may2021 00:40:00.019] [Server thread/INFO] [tombstone/]: All players have been successfully backed up
[19may2021 00:40:45.194] [Server thread/INFO] [net.minecraft.server.dedicated.DedicatedServer/]: ac3po has made the advancement [Suit Up]
[19may2021 00:43:07.046] [Server thread/INFO] [net.minecraft.server.dedicated.DedicatedServer/]: ac3po was slain by Cave Spider
[19may2021 00:43:07.047] [Server thread/INFO] [tombstone/]: A new grave of the player ac3po was created at position [x:2090, y:42, z:517, dim:0]
[19may2021 00:43:08.511] [Netty Server IO #11/ERROR] [net.minecraft.command.arguments.ArgumentTypes/]: Could not serialize net.minecraftforge.server.command.ModIdArgument@5f444e7e (class net.minecraftforge.server.command.ModIdArgument) - will not be sent to client!
[19may2021 00:43:08.511] [Netty Server IO #11/ERROR] [net.minecraft.command.arguments.ArgumentTypes/]: Could not serialize com.blamejared.crafttweaker.impl.commands.CTCommands$$Lambda$9275/1940968907@473b18bd (class com.blamejared.crafttweaker.impl.commands.CTCommands$$Lambda$9275/1940968907) - will not be sent to client!
[19may2021 00:43:08.512] [Netty Server IO #11/ERROR] [net.minecraft.command.arguments.ArgumentTypes/]: Could not serialize com.blamejared.crafttweaker.impl.commands.CTCommands$$Lambda$9291/1189926262@42d7347c (class com.blamejared.crafttweaker.impl.commands.CTCommands$$Lambda$9291/1189926262) - will not be sent to client!
[19may2021 00:43:08.519] [Netty Server IO #11/ERROR] [net.minecraft.command.arguments.ArgumentTypes/]: Could not serialize net.minecraftforge.server.command.ModIdArgument@333fc01 (class net.minecraftforge.server.command.ModIdArgument) - will not be sent to client!
[19may2021 00:43:08.520] [Netty Server IO #11/ERROR] [net.minecraft.command.arguments.ArgumentTypes/]: Could not serialize net.minecraftforge.server.command.EnumArgument@4d635647 (class net.minecraftforge.server.command.EnumArgument) - will not be sent to client!
[19may2021 00:43:08.520] [Netty Server IO #11/ERROR] [net.minecraft.command.arguments.ArgumentTypes/]: Could not serialize net.minecraftforge.server.command.EnumArgument@6a42d417 (class net.minecraftforge.server.command.EnumArgument) - will not be sent to client!
[19may2021 00:43:24.150] [Server thread/INFO] [net.minecraft.server.dedicated.DedicatedServer/]: Teleported ac3po to peptio96
[19may2021 00:43:29.196] [Server thread/INFO] [net.minecraft.server.dedicated.DedicatedServer/]: peptio96 was slain by Cave Spider
[19may2021 00:43:29.197] [Server thread/INFO] [tombstone/]: A new grave of the player peptio96 was created at position [x:2077, y:42, z:515, dim:0]
[19may2021 00:43:31.471] [Netty Server IO #3/ERROR] [net.minecraft.command.arguments.ArgumentTypes/]: Could not serialize net.minecraftforge.server.command.ModIdArgument@5f444e7e (class net.minecraftforge.server.command.ModIdArgument) - will not be sent to client!
[19may2021 00:43:31.475] [Netty Server IO #3/ERROR] [net.minecraft.command.arguments.ArgumentTypes/]: Could not serialize com.blamejared.crafttweaker.impl.commands.CTCommands$$Lambda$9275/1940968907@473b18bd (class com.blamejared.crafttweaker.impl.commands.CTCommands$$Lambda$9275/1940968907) - will not be sent to client!
[19may2021 00:43:31.478] [Netty Server IO #3/ERROR] [net.minecraft.command.arguments.ArgumentTypes/]: Could not serialize com.blamejared.crafttweaker.impl.commands.CTCommands$$Lambda$9291/1189926262@42d7347c (class com.blamejared.crafttweaker.impl.commands.CTCommands$$Lambda$9291/1189926262) - will not be sent to client!
[19may2021 00:43:31.486] [Netty Server IO #3/ERROR] [net.minecraft.command.arguments.ArgumentTypes/]: Could not serialize net.minecraftforge.server.command.ModIdArgument@333fc01 (class net.minecraftforge.server.command.ModIdArgument) - will not be sent to client!
[19may2021 00:43:31.489] [Netty Server IO #3/ERROR] [net.minecraft.command.arguments.ArgumentTypes/]: Could not serialize net.minecraftforge.server.command.EnumArgument@4d635647 (class net.minecraftforge.server.command.EnumArgument) - will not be sent to client!
[19may2021 00:43:31.496] [Netty Server IO #3/ERROR] [net.minecraft.command.arguments.ArgumentTypes/]: Could not serialize net.minecraftforge.server.command.EnumArgument@6a42d417 (class net.minecraftforge.server.command.EnumArgument) - will not be sent to client!
[19may2021 00:43:47.549] [Server thread/INFO] [net.minecraft.server.dedicated.DedicatedServer/]: Teleported peptio96 to ac3po
[19may2021 00:48:30.197] [Server thread/INFO] [net.minecraft.server.dedicated.DedicatedServer/]: Teleported ac3po to 6.5, 68.0, -21.5
[19may2021 00:48:30.227] [Server thread/WARN] [net.minecraft.network.play.ServerPlayNetHandler/]: ac3po moved too quickly! -2085.6858064847393,26.0,-577.3758987703236
[19may2021 00:49:20.251] [Server thread/INFO] [net.minecraft.server.dedicated.DedicatedServer/]: Teleported peptio96 to ac3po
[19may2021 00:59:47.393] [Server thread/INFO] [net.minecraft.network.play.ServerPlayNetHandler/]: ac3po lost connection: Disconnected
[19may2021 00:59:47.393] [Server thread/INFO] [net.minecraft.server.dedicated.DedicatedServer/]: ac3po left the game
[19may2021 01:00:00.795] [Server thread/INFO] [net.minecraft.network.play.ServerPlayNetHandler/]: peptio96 lost connection: Disconnected
[19may2021 01:00:00.795] [Server thread/INFO] [net.minecraft.server.dedicated.DedicatedServer/]: peptio96 left the game
